<?xml version="1.0" encoding="UTF-8"?>
<!-- Generated by org.testng.reporters.JUnitReportReporter -->
<testsuite hostname="DESKTOP-41G56EL" failures="0" tests="1" name="com.internetherokuapp.tests.ABTest" time="0.099" errors="0" timestamp="2025-03-19T12:16:03 IST" skipped="0">
  <testcase classname="com.internetherokuapp.tests.ABTest" name="validateHeader" time="0.099"/>
</testsuite> <!-- com.internetherokuapp.tests.ABTest -->
