<?xml version="1.0" encoding="UTF-8"?>
<!-- Generated by org.testng.reporters.JUnitReportReporter -->
<testsuite hostname="DESKTOP-41G56EL" failures="0" tests="1" name="com.internetherokuapp.tests.ABTest" time="0.645" errors="0" timestamp="2025-03-18T12:54:22 IST" skipped="0">
  <testcase classname="com.internetherokuapp.tests.ABTest" name="demoTest" time="0.645"/>
</testsuite> <!-- com.internetherokuapp.tests.ABTest -->
