<?xml version="1.0" encoding="UTF-8"?>
<!-- Generated by org.testng.reporters.JUnitReportReporter -->
<testsuite hostname="DESKTOP-41G56EL" failures="0" tests="1" name="DemoTest" time="7.930" errors="0" timestamp="2025-03-17T12:12:10 IST" skipped="0">
  <testcase classname="DemoTest" name="test1" time="7.930"/>
</testsuite> <!-- DemoTest -->
